<?xml version="1.0" encoding="UTF-8"?>
<coverage generated="1662372605">
  <project timestamp="1662372605">
    <file name="/home/runner/work/yzhanIP/yzhanIP/src/Data/URLData.php">
      <class name="YZhanIP\Data\URLData" namespace="global">
        <metrics complexity="0" methods="0" coveredmethods="0" conditionals="0" coveredconditionals="0" statements="0" coveredstatements="0" elements="0" coveredelements="0"/>
      </class>
      <metrics loc="9" ncloc="9" classes="0" methods="0" coveredmethods="0" conditionals="0" coveredconditionals="0" statements="0" coveredstatements="0" elements="0" coveredelements="0"/>
    </file>
    <file name="/home/runner/work/yzhanIP/yzhanIP/src/Exception/IPParserException.php">
      <class name="YZhanIP\Exception\IPParserException" namespace="global">
        <metrics complexity="0" methods="0" coveredmethods="0" conditionals="0" coveredconditionals="0" statements="0" coveredstatements="0" elements="0" coveredelements="0"/>
      </class>
      <metrics loc="5" ncloc="5" classes="0" methods="0" coveredmethods="0" conditionals="0" coveredconditionals="0" statements="0" coveredstatements="0" elements="0" coveredelements="0"/>
    </file>
    <file name="/home/runner/work/yzhanIP/yzhanIP/src/Exception/IPTracerException.php">
      <class name="YZhanIP\Exception\IPTracerException" namespace="global">
        <metrics complexity="0" methods="0" coveredmethods="0" conditionals="0" coveredconditionals="0" statements="0" coveredstatements="0" elements="0" coveredelements="0"/>
      </class>
      <metrics loc="5" ncloc="5" classes="0" methods="0" coveredmethods="0" conditionals="0" coveredconditionals="0" statements="0" coveredstatements="0" elements="0" coveredelements="0"/>
    </file>
    <file name="/home/runner/work/yzhanIP/yzhanIP/src/Exception/YZhanIPException.php">
      <metrics loc="4" ncloc="4" classes="0" methods="0" coveredmethods="0" conditionals="0" coveredconditionals="0" statements="0" coveredstatements="0" elements="0" coveredelements="0"/>
    </file>
    <file name="/home/runner/work/yzhanIP/yzhanIP/src/Model/IP.php">
      <class name="YZhanIP\Model\IP" namespace="global">
        <metrics complexity="32" methods="21" coveredmethods="20" conditionals="0" coveredconditionals="0" statements="26" coveredstatements="25" elements="47" coveredelements="45"/>
      </class>
      <line num="9" type="method" name="__construct" visibility="public" complexity="2" crap="2" count="18"/>
      <line num="10" type="stmt" count="18"/>
      <line num="11" type="stmt" count="18"/>
      <line num="12" type="stmt" count="17"/>
      <line num="13" type="stmt" count="18"/>
      <line num="14" type="stmt" count="18"/>
      <line num="16" type="method" name="__toString" visibility="public" complexity="3" crap="3" count="47"/>
      <line num="17" type="stmt" count="47"/>
      <line num="18" type="stmt" count="34"/>
      <line num="20" type="method" name="toString" visibility="public" complexity="1" crap="1" count="5"/>
      <line num="21" type="stmt" count="5"/>
      <line num="23" type="method" name="toRaw" visibility="public" complexity="2" crap="2" count="33"/>
      <line num="24" type="stmt" count="33"/>
      <line num="26" type="method" name="in" visibility="public" complexity="2" crap="2" count="33"/>
      <line num="27" type="stmt" count="33"/>
      <line num="29" type="method" name="getStart" visibility="public" complexity="1" crap="1" count="35"/>
      <line num="30" type="stmt" count="35"/>
      <line num="32" type="method" name="getEnd" visibility="public" complexity="1" crap="1" count="35"/>
      <line num="33" type="stmt" count="35"/>
      <line num="35" type="method" name="getType" visibility="public" complexity="1" crap="1" count="2"/>
      <line num="36" type="stmt" count="2"/>
      <line num="38" type="method" name="isIPv4" visibility="public" complexity="1" crap="1" count="47"/>
      <line num="39" type="stmt" count="47"/>
      <line num="41" type="method" name="isIPv4CIDR" visibility="public" complexity="1" crap="1" count="2"/>
      <line num="42" type="stmt" count="2"/>
      <line num="44" type="method" name="isIPv4Interval" visibility="public" complexity="1" crap="1" count="2"/>
      <line num="45" type="stmt" count="2"/>
      <line num="47" type="method" name="isIPv4Wildcard" visibility="public" complexity="1" crap="1" count="2"/>
      <line num="48" type="stmt" count="2"/>
      <line num="50" type="method" name="isIPv6" visibility="public" complexity="1" crap="1" count="41"/>
      <line num="51" type="stmt" count="41"/>
      <line num="53" type="method" name="isIPv6CIDR" visibility="public" complexity="1" crap="1" count="2"/>
      <line num="54" type="stmt" count="2"/>
      <line num="56" type="method" name="isIPv6Interval" visibility="public" complexity="1" crap="1" count="2"/>
      <line num="57" type="stmt" count="2"/>
      <line num="59" type="method" name="isIPv6Wildcard" visibility="public" complexity="1" crap="1" count="2"/>
      <line num="60" type="stmt" count="2"/>
      <line num="62" type="method" name="isIP" visibility="public" complexity="2" crap="2" count="2"/>
      <line num="63" type="stmt" count="2"/>
      <line num="65" type="method" name="isIPCIDR" visibility="public" complexity="2" crap="2" count="2"/>
      <line num="66" type="stmt" count="2"/>
      <line num="68" type="method" name="isIPInterval" visibility="public" complexity="2" crap="2" count="2"/>
      <line num="69" type="stmt" count="2"/>
      <line num="71" type="method" name="isIPWildcard" visibility="public" complexity="2" crap="2" count="2"/>
      <line num="72" type="stmt" count="2"/>
      <line num="74" type="method" name="isIPRange" visibility="public" complexity="3" crap="12" count="0"/>
      <line num="75" type="stmt" count="0"/>
      <metrics loc="78" ncloc="78" classes="1" methods="21" coveredmethods="20" conditionals="0" coveredconditionals="0" statements="26" coveredstatements="25" elements="47" coveredelements="45"/>
    </file>
    <file name="/home/runner/work/yzhanIP/yzhanIP/src/Tool/IPConverter.php">
      <class name="YZhanIP\Tool\IPConverter" namespace="global">
        <metrics complexity="7" methods="3" coveredmethods="3" conditionals="0" coveredconditionals="0" statements="19" coveredstatements="19" elements="22" coveredelements="22"/>
      </class>
      <line num="5" type="method" name="IP2Bit" visibility="public" complexity="3" crap="3" count="10"/>
      <line num="6" type="stmt" count="10"/>
      <line num="7" type="stmt" count="10"/>
      <line num="8" type="stmt" count="10"/>
      <line num="9" type="stmt" count="10"/>
      <line num="10" type="stmt" count="10"/>
      <line num="11" type="stmt" count="10"/>
      <line num="13" type="stmt" count="10"/>
      <line num="15" type="method" name="Bit2IP" visibility="public" complexity="2" crap="2" count="10"/>
      <line num="16" type="stmt" count="10"/>
      <line num="17" type="stmt" count="10"/>
      <line num="18" type="stmt" count="10"/>
      <line num="19" type="stmt" count="10"/>
      <line num="21" type="stmt" count="10"/>
      <line num="23" type="method" name="IPCIDR2IPRange" visibility="public" complexity="2" crap="2" count="9"/>
      <line num="24" type="stmt" count="9"/>
      <line num="25" type="stmt" count="9"/>
      <line num="26" type="stmt" count="9"/>
      <line num="27" type="stmt" count="9"/>
      <line num="28" type="stmt" count="9"/>
      <line num="29" type="stmt" count="9"/>
      <line num="30" type="stmt" count="9"/>
      <metrics loc="34" ncloc="34" classes="1" methods="3" coveredmethods="3" conditionals="0" coveredconditionals="0" statements="19" coveredstatements="19" elements="22" coveredelements="22"/>
    </file>
    <file name="/home/runner/work/yzhanIP/yzhanIP/src/Tool/IPCrawler.php">
      <class name="YZhanIP\Tool\IPCrawler" namespace="global">
        <metrics complexity="9" methods="6" coveredmethods="6" conditionals="0" coveredconditionals="0" statements="17" coveredstatements="17" elements="23" coveredelements="23"/>
      </class>
      <line num="8" type="method" name="__construct" visibility="public" complexity="1" crap="1" count="6"/>
      <line num="9" type="stmt" count="6"/>
      <line num="10" type="stmt" count="6"/>
      <line num="11" type="stmt" count="6"/>
      <line num="12" type="stmt" count="6"/>
      <line num="16" type="stmt" count="6"/>
      <line num="18" type="method" name="get" visibility="public" complexity="4" crap="4" count="6"/>
      <line num="19" type="stmt" count="6"/>
      <line num="20" type="stmt" count="1"/>
      <line num="22" type="stmt" count="6"/>
      <line num="24" type="method" name="update" visibility="public" complexity="1" crap="1" count="3"/>
      <line num="25" type="stmt" count="3"/>
      <line num="26" type="stmt" count="3"/>
      <line num="27" type="stmt" count="3"/>
      <line num="29" type="stmt" count="3"/>
      <line num="33" type="stmt" count="3"/>
      <line num="34" type="stmt" count="3"/>
      <line num="36" type="method" name="getUrl" visibility="public" complexity="1" crap="1" count="1"/>
      <line num="37" type="stmt" count="1"/>
      <line num="39" type="method" name="getOptions" visibility="public" complexity="1" crap="1" count="1"/>
      <line num="40" type="stmt" count="1"/>
      <line num="42" type="method" name="getPath" visibility="public" complexity="1" crap="1" count="4"/>
      <line num="43" type="stmt" count="4"/>
      <metrics loc="46" ncloc="46" classes="1" methods="6" coveredmethods="6" conditionals="0" coveredconditionals="0" statements="17" coveredstatements="17" elements="23" coveredelements="23"/>
    </file>
    <file name="/home/runner/work/yzhanIP/yzhanIP/src/Tool/IPParser.php">
      <class name="YZhanIP\Tool\IPParser" namespace="global">
        <metrics complexity="62" methods="30" coveredmethods="29" conditionals="0" coveredconditionals="0" statements="56" coveredstatements="55" elements="86" coveredelements="84"/>
      </class>
      <line num="16" type="method" name="IsIPv4" visibility="public" complexity="1" crap="1" count="23"/>
      <line num="17" type="stmt" count="23"/>
      <line num="19" type="method" name="IsIPv4CIDR" visibility="public" complexity="1" crap="1" count="19"/>
      <line num="20" type="stmt" count="19"/>
      <line num="22" type="method" name="IsIPv4Interval" visibility="public" complexity="1" crap="1" count="16"/>
      <line num="23" type="stmt" count="16"/>
      <line num="25" type="method" name="IsIPv4Wildcard" visibility="public" complexity="1" crap="1" count="16"/>
      <line num="26" type="stmt" count="16"/>
      <line num="28" type="method" name="IsIPv6" visibility="public" complexity="1" crap="1" count="23"/>
      <line num="29" type="stmt" count="23"/>
      <line num="31" type="method" name="IsIPv6CIDR" visibility="public" complexity="1" crap="1" count="19"/>
      <line num="32" type="stmt" count="19"/>
      <line num="34" type="method" name="IsIPv6Interval" visibility="public" complexity="1" crap="1" count="16"/>
      <line num="35" type="stmt" count="16"/>
      <line num="37" type="method" name="IsIPv6Wildcard" visibility="public" complexity="1" crap="1" count="16"/>
      <line num="38" type="stmt" count="16"/>
      <line num="40" type="method" name="IsIP" visibility="public" complexity="2" crap="2" count="4"/>
      <line num="41" type="stmt" count="4"/>
      <line num="43" type="method" name="IsIPCIDR" visibility="public" complexity="2" crap="2" count="4"/>
      <line num="44" type="stmt" count="4"/>
      <line num="46" type="method" name="IsIPInterval" visibility="public" complexity="2" crap="2" count="4"/>
      <line num="47" type="stmt" count="4"/>
      <line num="49" type="method" name="IsIPWildcard" visibility="public" complexity="2" crap="2" count="4"/>
      <line num="50" type="stmt" count="4"/>
      <line num="52" type="method" name="IsIPRange" visibility="public" complexity="3" crap="12" count="0"/>
      <line num="53" type="stmt" count="0"/>
      <line num="55" type="method" name="GetType" visibility="public" complexity="16" crap="16" count="17"/>
      <line num="56" type="stmt" count="17"/>
      <line num="57" type="stmt" count="11"/>
      <line num="58" type="stmt" count="11"/>
      <line num="59" type="stmt" count="6"/>
      <line num="60" type="stmt" count="4"/>
      <line num="62" type="stmt" count="11"/>
      <line num="63" type="stmt" count="11"/>
      <line num="64" type="stmt" count="6"/>
      <line num="65" type="stmt" count="4"/>
      <line num="67" type="stmt" count="2"/>
      <line num="69" type="method" name="Parse" visibility="public" complexity="11" crap="11" count="16"/>
      <line num="70" type="stmt" count="16"/>
      <line num="71" type="stmt" count="16"/>
      <line num="72" type="stmt" count="4"/>
      <line num="73" type="stmt" count="4"/>
      <line num="74" type="stmt" count="16"/>
      <line num="75" type="stmt" count="8"/>
      <line num="76" type="stmt" count="8"/>
      <line num="77" type="stmt" count="8"/>
      <line num="78" type="stmt" count="9"/>
      <line num="79" type="stmt" count="5"/>
      <line num="80" type="stmt" count="5"/>
      <line num="81" type="stmt" count="5"/>
      <line num="82" type="stmt" count="5"/>
      <line num="84" type="stmt" count="16"/>
      <line num="85" type="stmt" count="16"/>
      <line num="86" type="stmt" count="16"/>
      <line num="88" type="method" name="_matchAll" visibility="private" complexity="1" crap="1" count="15"/>
      <line num="89" type="stmt" count="15"/>
      <line num="90" type="stmt" count="15"/>
      <line num="92" type="method" name="MatchAllIPv4" visibility="public" complexity="1" crap="1" count="5"/>
      <line num="93" type="stmt" count="5"/>
      <line num="95" type="method" name="MatchAllIPv4CIDR" visibility="public" complexity="1" crap="1" count="5"/>
      <line num="96" type="stmt" count="5"/>
      <line num="98" type="method" name="MatchAllIPv4Interval" visibility="public" complexity="1" crap="1" count="5"/>
      <line num="99" type="stmt" count="5"/>
      <line num="101" type="method" name="MatchAllIPv4Wildcard" visibility="public" complexity="1" crap="1" count="5"/>
      <line num="102" type="stmt" count="5"/>
      <line num="104" type="method" name="MatchAllIPv6" visibility="public" complexity="1" crap="1" count="5"/>
      <line num="105" type="stmt" count="5"/>
      <line num="107" type="method" name="MatchAllIPv6CIDR" visibility="public" complexity="1" crap="1" count="5"/>
      <line num="108" type="stmt" count="5"/>
      <line num="110" type="method" name="MatchAllIPv6Interval" visibility="public" complexity="1" crap="1" count="5"/>
      <line num="111" type="stmt" count="5"/>
      <line num="113" type="method" name="MatchAllIPv6Wildcard" visibility="public" complexity="1" crap="1" count="5"/>
      <line num="114" type="stmt" count="5"/>
      <line num="116" type="method" name="_merge" visibility="private" complexity="2" crap="2" count="7"/>
      <line num="117" type="stmt" count="7"/>
      <line num="118" type="stmt" count="7"/>
      <line num="120" type="method" name="MatchAllIP" visibility="public" complexity="1" crap="1" count="4"/>
      <line num="121" type="stmt" count="4"/>
      <line num="123" type="method" name="MatchAllIPCIDR" visibility="public" complexity="1" crap="1" count="4"/>
      <line num="124" type="stmt" count="4"/>
      <line num="126" type="method" name="MatchAllIPInterval" visibility="public" complexity="1" crap="1" count="4"/>
      <line num="127" type="stmt" count="4"/>
      <line num="129" type="method" name="MatchAllIPWildcard" visibility="public" complexity="1" crap="1" count="4"/>
      <line num="130" type="stmt" count="4"/>
      <line num="132" type="method" name="MatchAll" visibility="public" complexity="1" crap="1" count="3"/>
      <line num="133" type="stmt" count="3"/>
      <metrics loc="136" ncloc="136" classes="1" methods="30" coveredmethods="29" conditionals="0" coveredconditionals="0" statements="56" coveredstatements="55" elements="86" coveredelements="84"/>
    </file>
    <file name="/home/runner/work/yzhanIP/yzhanIP/src/Tool/IPTracer.php">
      <class name="YZhanIP\Tool\IPTracer" namespace="global">
        <metrics complexity="5" methods="3" coveredmethods="3" conditionals="0" coveredconditionals="0" statements="10" coveredstatements="10" elements="13" coveredelements="13"/>
      </class>
      <line num="8" type="method" name="IsInUrl" visibility="public" complexity="3" crap="3" count="3"/>
      <line num="9" type="stmt" count="3"/>
      <line num="10" type="stmt" count="3"/>
      <line num="11" type="stmt" count="3"/>
      <line num="13" type="stmt" count="3"/>
      <line num="14" type="stmt" count="3"/>
      <line num="15" type="stmt" count="3"/>
      <line num="16" type="stmt" count="3"/>
      <line num="18" type="stmt" count="3"/>
      <line num="20" type="method" name="IsCloudflareNode" visibility="public" complexity="1" crap="1" count="1"/>
      <line num="21" type="stmt" count="1"/>
      <line num="23" type="method" name="IsGoogleBot" visibility="public" complexity="1" crap="1" count="1"/>
      <line num="24" type="stmt" count="1"/>
      <metrics loc="27" ncloc="27" classes="1" methods="3" coveredmethods="3" conditionals="0" coveredconditionals="0" statements="10" coveredstatements="10" elements="13" coveredelements="13"/>
    </file>
    <file name="/home/runner/work/yzhanIP/yzhanIP/src/Type/IPRange.php">
      <class name="YZhanIP\Type\IPRange" namespace="global">
        <metrics complexity="3" methods="3" coveredmethods="3" conditionals="0" coveredconditionals="0" statements="4" coveredstatements="4" elements="7" coveredelements="7"/>
      </class>
      <line num="6" type="method" name="__construct" visibility="public" complexity="1" crap="1" count="10"/>
      <line num="7" type="stmt" count="10"/>
      <line num="8" type="stmt" count="10"/>
      <line num="10" type="method" name="getFirst" visibility="public" complexity="1" crap="1" count="10"/>
      <line num="11" type="stmt" count="10"/>
      <line num="13" type="method" name="getLast" visibility="public" complexity="1" crap="1" count="10"/>
      <line num="14" type="stmt" count="10"/>
      <metrics loc="17" ncloc="17" classes="1" methods="3" coveredmethods="3" conditionals="0" coveredconditionals="0" statements="4" coveredstatements="4" elements="7" coveredelements="7"/>
    </file>
    <file name="/home/runner/work/yzhanIP/yzhanIP/src/YZhanIP.php">
      <class name="YZhanIP\YZhanIP" namespace="global">
        <metrics complexity="18" methods="8" coveredmethods="6" conditionals="0" coveredconditionals="0" statements="28" coveredstatements="25" elements="36" coveredelements="31"/>
      </class>
      <line num="6" type="method" name="_parse" visibility="private" complexity="3" crap="3" count="15"/>
      <line num="7" type="stmt" count="15"/>
      <line num="8" type="stmt" count="15"/>
      <line num="9" type="stmt" count="3"/>
      <line num="10" type="stmt" count="3"/>
      <line num="13" type="stmt" count="14"/>
      <line num="15" type="stmt" count="15"/>
      <line num="17" type="method" name="__construct" visibility="public" complexity="1" crap="1" count="3"/>
      <line num="18" type="stmt" count="3"/>
      <line num="20" type="method" name="__toString" visibility="public" complexity="1" crap="1" count="42"/>
      <line num="21" type="stmt" count="42"/>
      <line num="22" type="stmt" count="42"/>
      <line num="23" type="stmt" count="42"/>
      <line num="25" type="method" name="toString" visibility="public" complexity="1" crap="1" count="42"/>
      <line num="26" type="stmt" count="42"/>
      <line num="28" type="method" name="toRaw" visibility="public" complexity="1" crap="1" count="28"/>
      <line num="29" type="stmt" count="28"/>
      <line num="30" type="stmt" count="28"/>
      <line num="31" type="stmt" count="28"/>
      <line num="33" type="method" name="getIPs" visibility="public" complexity="1" crap="1" count="33"/>
      <line num="34" type="stmt" count="33"/>
      <line num="36" type="method" name="in" visibility="public" complexity="5" crap="5.93" count="17"/>
      <line num="37" type="stmt" count="17"/>
      <line num="38" type="stmt" count="17"/>
      <line num="39" type="stmt" count="17"/>
      <line num="40" type="stmt" count="17"/>
      <line num="42" type="stmt" count="0"/>
      <line num="44" type="stmt" count="0"/>
      <line num="46" type="method" name="filter" visibility="public" complexity="5" crap="5.07" count="14"/>
      <line num="47" type="stmt" count="14"/>
      <line num="48" type="stmt" count="14"/>
      <line num="49" type="stmt" count="14"/>
      <line num="50" type="stmt" count="14"/>
      <line num="51" type="stmt" count="14"/>
      <line num="53" type="stmt" count="0"/>
      <line num="55" type="stmt" count="14"/>
      <metrics loc="58" ncloc="58" classes="1" methods="8" coveredmethods="6" conditionals="0" coveredconditionals="0" statements="28" coveredstatements="25" elements="36" coveredelements="31"/>
    </file>
    <metrics files="11" loc="419" ncloc="419" classes="7" methods="74" coveredmethods="70" conditionals="0" coveredconditionals="0" statements="160" coveredstatements="155" elements="234" coveredelements="225"/>
  </project>
</coverage>
